---
  0 debug pnpm:scope: 
    selected: 1
    workspacePrefix: null
  1 debug pnpm:package-json: 
    initial: 
      name: "mexico_tablet"
      version: "1.0.0"
      description: ""
      main: "main.js"
      scripts: 
        start: "node main.js"
      author: ""
      license: "ISC"
      dependencies: 
        async-polling: "^0.2.1"
        axios: "^0.19.0"
        bcrypt: "^3.0.2"
        bcryptjs: "^2.4.3"
        better-sqlite3: "^4.1.4"
        body-parser: "^1.19.0"
        connect-mongo: "^3.0.0"
        ejs: "^2.6.2"
        express: "^4.16.3"
        express-generator: "^4.16.0"
        express-mysql-session: "^2.0.1"
        express-partials: "^0.3.0"
        express-session: "^1.15.6"
        moment: "^2.24.0"
        mongodb: "^3.2.7"
        node-gyp: "^3.8.0"
        pm2: "^3.2.2"
        promise-mysql: "^3.3.1"
        simple-git: "^1.107.0"
        socket.io: "^2.2.0"
        socket.io-client: "^2.2.0"
      devDependencies: 
        standard: "^12.0.1"
      readme: "ERROR: No README data found!"
      _id: "mexico_tablet@1.0.0"
    prefix: "C:\\Users\\ControlSoft\\Desktop\\proyectos\\mexico_tablet_vnode"
  2 warn pnpm: 
    message: "Moving standard that was installed by a different package manager to \"node_modules/.ignored"
    prefix: "C:\\Users\\ControlSoft\\Desktop\\proyectos\\mexico_tablet_vnode"
  3 error pnpm: 
    message: 
      errno: -4048
      code: "EPERM"
      syscall: "rename"
      path: "C:\\Users\\ControlSoft\\Desktop\\proyectos\\mexico_tablet_vnode\\node_modules\\standard"
      dest: "C:\\Users\\ControlSoft\\Desktop\\proyectos\\mexico_tablet_vnode\\node_modules\\.ignored\\standard"
    err: 
      name: "Error"
      message: "EPERM: operation not permitted, rename 'C:\\Users\\ControlSoft\\Desktop\\proyectos\\mexico_tablet_vnode\\node_modules\\standard' -> 'C:\\Users\\ControlSoft\\Desktop\\proyectos\\mexico_tablet_vnode\\node_modules\\.ignored\\standard'"
      code: "EPERM"
      stack: "Error: EPERM: operation not permitted, rename 'C:\\Users\\ControlSoft\\Desktop\\proyectos\\mexico_tablet_vnode\\node_modules\\standard' -> 'C:\\Users\\ControlSoft\\Desktop\\proyectos\\mexico_tablet_vnode\\node_modules\\.ignored\\standard'"
